<?xml version="1.0" encoding="UTF-8"?>
<!-- Generated by org.testng.reporters.JUnitReportReporter -->
<testsuite skipped="0" hostname="GEVW59D07RA24FU" name="com.zs.day11.pack2.Success_Test" tests="3" failures="0" timestamp="23 八月 2019 14:55:14 GMT" time="0.008" errors="0">
  <testcase name="fun4" time="0.001" classname="com.zs.day11.pack2.Success_Test"/>
  <testcase name="fun5" time="0.002" classname="com.zs.day11.pack2.Success_Test"/>
  <testcase name="fun1" time="0.005" classname="com.zs.day11.pack2.Success_Test"/>
</testsuite> <!-- com.zs.day11.pack2.Success_Test -->
