<?xml version="1.0" encoding="UTF-8"?>
<!-- Generated by org.testng.reporters.JUnitReportReporter -->
<testsuite skipped="0" hostname="GEVW59D07RA24FU" name="com.zs.day11.pack2.Failure_Test" tests="2" failures="0" timestamp="23 八月 2019 14:55:14 GMT" time="0.009" errors="0">
  <testcase name="fun2" time="0.007" classname="com.zs.day11.pack2.Failure_Test"/>
  <testcase name="fun3" time="0.002" classname="com.zs.day11.pack2.Failure_Test"/>
</testsuite> <!-- com.zs.day11.pack2.Failure_Test -->
