<?xml version="1.0" encoding="UTF-8"?>
<!-- Generated by org.testng.reporters.JUnitReportReporter -->
<testsuite skipped="0" hostname="GEVW59D07RA24FU" name="com.zs.day11.pack2.ZhuJieTetng" tests="5" failures="0" timestamp="23 八月 2019 14:42:37 GMT" time="0.019" errors="0">
  <testcase name="fun5" time="0.002" classname="com.zs.day11.pack2.ZhuJieTetng"/>
  <testcase name="fun3" time="0.002" classname="com.zs.day11.pack2.ZhuJieTetng"/>
  <testcase name="fun4" time="0.002" classname="com.zs.day11.pack2.ZhuJieTetng"/>
  <testcase name="fun1" time="0.011" classname="com.zs.day11.pack2.ZhuJieTetng"/>
  <testcase name="fun2" time="0.002" classname="com.zs.day11.pack2.ZhuJieTetng"/>
</testsuite> <!-- com.zs.day11.pack2.ZhuJieTetng -->
