<?xml version="1.0" encoding="UTF-8"?>
<!-- Generated by org.testng.reporters.JUnitReportReporter -->
<testsuite skipped="0" hostname="LAPTOP-F5FDOJ40" name="com.zs.day11.NewTest" tests="1" failures="0" timestamp="23 八月 2019 10:07:41 GMT" time="0.014" errors="0">
  <testcase name="fun1" time="0.014" classname="com.zs.day11.NewTest"/>
</testsuite> <!-- com.zs.day11.NewTest -->
