<?xml version="1.0" encoding="UTF-8"?>
<!-- Generated by org.testng.reporters.JUnitReportReporter -->
<testsuite skipped="0" hostname="GEVW59D07RA24FU" name="com.zs.day11.NewTest" tests="5" failures="0" timestamp="23 八月 2019 13:43:31 GMT" time="0.033" errors="0">
  <testcase name="fun5" time="0.002" classname="com.zs.day11.NewTest"/>
  <testcase name="fun3" time="0.001" classname="com.zs.day11.NewTest"/>
  <testcase name="fun4" time="0.003" classname="com.zs.day11.NewTest"/>
  <testcase name="fun1" time="0.018" classname="com.zs.day11.NewTest"/>
  <testcase name="fun2" time="0.009" classname="com.zs.day11.NewTest"/>
</testsuite> <!-- com.zs.day11.NewTest -->
