<?xml version="1.0" encoding="UTF-8"?>
<!-- Generated by org.testng.reporters.JUnitReportReporter -->
<testsuite skipped="0" hostname="GEVW59D07RA24FU" name="com.zs.day11.pack2.ZhuJieTetng1" tests="2" failures="0" timestamp="23 八月 2019 14:51:37 GMT" time="0.012" errors="0">
  <testcase name="f2" time="0.004" classname="com.zs.day11.pack2.ZhuJieTetng1"/>
  <testcase name="f1" time="0.008" classname="com.zs.day11.pack2.ZhuJieTetng1"/>
</testsuite> <!-- com.zs.day11.pack2.ZhuJieTetng1 -->
